Start testing: Mar 18 00:41 +07
----------------------------------------------------------
1/2 Testing: SmallVectorTests
1/2 Test: SmallVectorTests
Command: "/home/xcredo/programming/cpp/SmallVector/build_valgrind/tests/run_tests"
Directory: /home/xcredo/programming/cpp/SmallVector/build_valgrind/tests
"SmallVectorTests" start time: Mar 18 00:41 +07
Output:
----------------------------------------------------------
Randomness seeded to: 2543189659
===============================================================================
All tests passed (158 assertions in 50 test cases)

<end of output>
Test time =   0.00 sec
----------------------------------------------------------
Test Passed.
"SmallVectorTests" end time: Mar 18 00:41 +07
"SmallVectorTests" time elapsed: 00:00:00
----------------------------------------------------------

2/2 Testing: SmallVectorValgrind
2/2 Test: SmallVectorValgrind
Command: "/usr/bin/valgrind" "--leak-check=full" "--error-exitcode=1" "/home/xcredo/programming/cpp/SmallVector/build_valgrind/tests/run_tests"
Directory: /home/xcredo/programming/cpp/SmallVector/build_valgrind/tests
"SmallVectorValgrind" start time: Mar 18 00:41 +07
Output:
----------------------------------------------------------
==49181== Memcheck, a memory error detector
==49181== Copyright (C) 2002-2022, and GNU GPL'd, by Julian Seward et al.
==49181== Using Valgrind-3.22.0 and LibVEX; rerun with -h for copyright info
==49181== Command: /home/xcredo/programming/cpp/SmallVector/build_valgrind/tests/run_tests
==49181== 
Randomness seeded to: 3449485315
===============================================================================
All tests passed (158 assertions in 50 test cases)

==49181== 
==49181== HEAP SUMMARY:
==49181==     in use at exit: 0 bytes in 0 blocks
==49181==   total heap usage: 4,068 allocs, 4,068 frees, 587,789 bytes allocated
==49181== 
==49181== All heap blocks were freed -- no leaks are possible
==49181== 
==49181== For lists of detected and suppressed errors, rerun with: -s
==49181== ERROR SUMMARY: 0 errors from 0 contexts (suppressed: 0 from 0)
<end of output>
Test time =   1.02 sec
----------------------------------------------------------
Test Passed.
"SmallVectorValgrind" end time: Mar 18 00:41 +07
"SmallVectorValgrind" time elapsed: 00:00:01
----------------------------------------------------------

End testing: Mar 18 00:41 +07
